#
# There is insufficient memory for the Java Runtime Environment to continue.
# Native memory allocation (malloc) failed to allocate 466000 bytes for Chunk::new
# Possible reasons:
#   The system is out of physical RAM or swap space
#   In 32 bit mode, the process size limit was hit
# Possible solutions:
#   Reduce memory load on the system
#   Increase physical memory or swap space
#   Check if swap backing store is full
#   Use 64 bit Java on a 64 bit OS
#   Decrease Java heap size (-Xmx/-Xms)
#   Decrease number of Java threads
#   Decrease Java thread stack sizes (-Xss)
#   Set larger code cache with -XX:ReservedCodeCacheSize=
# This output file may be truncated or incomplete.
#
#  Out of Memory Error (allocation.cpp:390), pid=8148, tid=7388
#
# JRE version: Java(TM) SE Runtime Environment (8.0_40-b26) (build 1.8.0_40-b26)
# Java VM: Java HotSpot(TM) 64-Bit Server VM (25.40-b25 mixed mode windows-amd64 compressed oops)
# Failed to write core dump. Minidumps are not enabled by default on client versions of Windows
#

---------------  T H R E A D  ---------------

Current thread (0x0000000014b1b000):  JavaThread "C2 CompilerThread0" daemon [_thread_in_native, id=7388, stack(0x0000000016010000,0x0000000016110000)]

Stack: [0x0000000016010000,0x0000000016110000]
Native frames: (J=compiled Java code, j=interpreted, Vv=VM code, C=native code)
V  [jvm.dll+0x32b47a]


Current CompileTask:
C2:   1193 1202   !   4       com.android.dx.cf.code.BytecodeArray::parseInstruction (2764 bytes)


---------------  P R O C E S S  ---------------

Java Threads: ( => current thread )
  0x00000000161a1000 JavaThread "Service Thread" daemon [_thread_blocked, id=1880, stack(0x0000000016710000,0x0000000016810000)]
  0x0000000016112800 JavaThread "C1 CompilerThread2" daemon [_thread_blocked, id=10056, stack(0x0000000016610000,0x0000000016710000)]
  0x0000000014b1e800 JavaThread "C2 CompilerThread1" daemon [_thread_in_native, id=8384, stack(0x0000000016510000,0x0000000016610000)]
=>0x0000000014b1b000 JavaThread "C2 CompilerThread0" daemon [_thread_in_native, id=7388, stack(0x0000000016010000,0x0000000016110000)]
  0x0000000014b19000 JavaThread "Attach Listener" daemon [_thread_blocked, id=884, stack(0x0000000015f10000,0x0000000016010000)]
  0x0000000014ace000 JavaThread "Signal Dispatcher" daemon [_thread_blocked, id=3852, stack(0x0000000015e10000,0x0000000015f10000)]
  0x00000000023e1000 JavaThread "Finalizer" daemon [_thread_blocked, id=11064, stack(0x0000000015d10000,0x0000000015e10000)]
  0x00000000023de000 JavaThread "Reference Handler" daemon [_thread_blocked, id=1540, stack(0x0000000015c10000,0x0000000015d10000)]
  0x000000000056e000 JavaThread "main" [_thread_in_vm, id=9200, stack(0x0000000001ea0000,0x0000000001fa0000)]

Other Threads:
  0x0000000014a87000 VMThread [stack: 0x0000000015b10000,0x0000000015c10000] [id=10292]
  0x00000000161b3800 WatcherThread [stack: 0x0000000016810000,0x0000000016910000] [id=4060]

VM state:not at safepoint (normal execution)

VM Mutex/Monitor currently owned by a thread: None

Heap:
 PSYoungGen      total 38400K, used 24888K [0x00000000eab00000, 0x00000000ed580000, 0x0000000100000000)
  eden space 33280K, 74% used [0x00000000eab00000,0x00000000ec34e038,0x00000000ecb80000)
  from space 5120K, 0% used [0x00000000ed080000,0x00000000ed080000,0x00000000ed580000)
  to   space 5120K, 0% used [0x00000000ecb80000,0x00000000ecb80000,0x00000000ed080000)
 ParOldGen       total 87552K, used 0K [0x00000000c0000000, 0x00000000c5580000, 0x00000000eab00000)
  object space 87552K, 0% used [0x00000000c0000000,0x00000000c0000000,0x00000000c5580000)
 Metaspace       used 5601K, capacity 6896K, committed 7040K, reserved 1056768K
  class space    used 550K, capacity 616K, committed 640K, reserved 1048576K

Card table byte_map: [0x00000000117b0000,0x00000000119c0000] byte_map_base: 0x00000000111b0000

Marking Bits: (ParMarkBitMap*) 0x0000000055e74040
 Begin Bits: [0x0000000011f20000, 0x0000000012f20000)
 End Bits:   [0x0000000012f20000, 0x0000000013f20000)

Polling page: 0x00000000005f0000

CodeCache: size=245760Kb used=4935Kb max_used=4935Kb free=240824Kb
 bounds [0x00000000023f0000, 0x00000000028d0000, 0x00000000113f0000]
 total_blobs=1482 nmethods=1215 adapters=180
 compilation: enabled

Compilation events (10 events):
Event: 1.173 Thread 0x0000000016112800 1215       3       java.util.HashMap$HashIterator::hasNext (13 bytes)
Event: 1.173 Thread 0x0000000016112800 nmethod 1215 0x00000000028a3f10 code [0x00000000028a4060, 0x00000000028a4210]
Event: 1.176 Thread 0x0000000016112800 1216       3       com.android.dx.ssa.DomFront::buildDomTree (72 bytes)
Event: 1.177 Thread 0x0000000016112800 nmethod 1216 0x00000000028c2210 code [0x00000000028c2480, 0x00000000028c3308]
Event: 1.179 Thread 0x0000000016112800 1217       3       com.android.dx.ssa.SsaMethod::onInsnRemoved (43 bytes)
Event: 1.180 Thread 0x0000000016112800 nmethod 1217 0x00000000028c3dd0 code [0x00000000028c3f60, 0x00000000028c4518]
Event: 1.180 Thread 0x0000000016112800 1218       1       java.util.HashMap$Node::getValue (5 bytes)
Event: 1.180 Thread 0x0000000016112800 nmethod 1218 0x00000000028a6190 code [0x00000000028a62e0, 0x00000000028a63f0]
Event: 1.184 Thread 0x0000000016112800 1219       3       com.android.dx.rop.code.Rops::opGetField (97 bytes)
Event: 1.185 Thread 0x0000000016112800 nmethod 1219 0x00000000028c4710 code [0x00000000028c4940, 0x00000000028c55b8]

GC Heap History (0 events):
No events

Deoptimization events (2 events):
Event: 0.577 Thread 0x000000000056e000 Uncommon trap: reason=unstable_if action=reinterpret pc=0x00000000025b3ba0 method=com.android.dx.rop.cst.CstFieldRef.compareTo0(Lcom/android/dx/rop/cst/Constant;)I @ 7
Event: 0.872 Thread 0x000000000056e000 Uncommon trap: reason=null_check action=make_not_entrant pc=0x0000000002760e24 method=com.android.dx.rop.type.Type.equals(Ljava/lang/Object;)Z @ 8

Internal exceptions (3 events):
Event: 0.055 Thread 0x000000000056e000 Exception <a 'java/lang/NoSuchMethodError': Method sun.misc.Unsafe.defineClass(Ljava/lang/String;[BII)Ljava/lang/Class; name or signature does not match> (0x00000000eab12f70) thrown at [D:\re\workspace\8-2-build-windows-amd64-cygwin\jdk8u40\3098\hotspot\srì$ùl!¨?
Event: 0.055 Thread 0x000000000056e000 Exception <a 'java/lang/NoSuchMethodError': Method sun.misc.Unsafe.prefetchRead(Ljava/lang/Object;J)V name or signature does not match> (0x00000000eab13200) thrown at [D:\re\workspace\8-2-build-windows-amd64-cygwin\jdk8u40\3098\hotspot\src\share\vm\prims\jìØN∆ÈÎ?
Event: 0.872 Thread 0x000000000056e000 Implicit null exception at 0x0000000002760d22 to 0x0000000002760e15

Events (10 events):
Event: 0.872 Thread 0x000000000056e000 DEOPT PACKING pc=0x0000000002760e24 sp=0x0000000001f9dff0
Event: 0.872 Thread 0x000000000056e000 DEOPT UNPACKING pc=0x000000000243582a sp=0x0000000001f9df78 mode 2
Event: 1.112 loading class com/android/dx/cf/attrib/AttSignature
Event: 1.112 loading class com/android/dx/cf/attrib/AttSignature done
Event: 1.128 loading class com/android/dx/cf/attrib/AttLocalVariableTypeTable
Event: 1.128 loading class com/android/dx/cf/attrib/AttLocalVariableTypeTable done
Event: 1.131 loading class com/android/dx/dex/file/FieldAnnotationStruct
Event: 1.131 loading class com/android/dx/dex/file/FieldAnnotationStruct done
Event: 1.162 Thread 0x000000000056e000 DEOPT PACKING pc=0x00000000026829ad sp=0x0000000001f9e340
Event: 1.162 Thread 0x000000000056e000 DEOPT UNPACKING pc=0x000000000243787f sp=0x0000000001f9e120 mode 0


Dynamic libraries:
0x00007ff71d260000 - 0x00007ff71d297000 	C:\Program Files\Java\jdk1.8.0_40\bin\java.exe
0x00007ff9bd0c0000 - 0x00007ff9bd26c000 	C:\windows\SYSTEM32\ntdll.dll
0x00007ff9bca60000 - 0x00007ff9bcb9e000 	C:\windows\system32\KERNEL32.DLL
0x00007ff9ba2f0000 - 0x00007ff9ba405000 	C:\windows\system32\KERNELBASE.dll
0x00007ff9b8da0000 - 0x00007ff9b8e2e000 	C:\windows\system32\apphelp.dll
0x00007ff9a4c10000 - 0x00007ff9a4c63000 	C:\windows\AppPatch\AppPatch64\AcGenral.DLL
0x00007ff9bac30000 - 0x00007ff9bacda000 	C:\windows\system32\msvcrt.dll
0x00007ff9ba050000 - 0x00007ff9ba07e000 	C:\windows\SYSTEM32\SspiCli.dll
0x00007ff9bcdc0000 - 0x00007ff9bce14000 	C:\windows\system32\SHLWAPI.dll
0x00007ff9baaa0000 - 0x00007ff9bac17000 	C:\windows\system32\USER32.dll
0x00007ff9baf90000 - 0x00007ff9bb124000 	C:\windows\system32\ole32.dll
0x00007ff9bb2f0000 - 0x00007ff9bc809000 	C:\windows\system32\SHELL32.dll
0x00007ff9b9880000 - 0x00007ff9b98a1000 	C:\windows\SYSTEM32\USERENV.dll
0x00007ff9bce20000 - 0x00007ff9bceca000 	C:\windows\system32\ADVAPI32.dll
0x00007ff9ab1f0000 - 0x00007ff9ab20e000 	C:\windows\SYSTEM32\MPR.dll
0x00007ff9ba870000 - 0x00007ff9ba9b1000 	C:\windows\system32\RPCRT4.dll
0x00007ff9bca00000 - 0x00007ff9bca59000 	C:\windows\SYSTEM32\sechost.dll
0x00007ff9bcba0000 - 0x00007ff9bcdb1000 	C:\windows\SYSTEM32\combase.dll
0x00007ff9bae40000 - 0x00007ff9baf8f000 	C:\windows\system32\GDI32.dll
0x00007ff9ba220000 - 0x00007ff9ba235000 	C:\windows\SYSTEM32\profapi.dll
0x00007ff9b8ce0000 - 0x00007ff9b8d92000 	C:\windows\SYSTEM32\SHCORE.dll
0x00007ff9bc810000 - 0x00007ff9bc846000 	C:\windows\system32\IMM32.DLL
0x00007ff9bace0000 - 0x00007ff9bae32000 	C:\windows\system32\MSCTF.dll
0x00007ff9b82f0000 - 0x00007ff9b856a000 	C:\windows\WinSxS\amd64_microsoft.windows.common-controls_6595b64144ccf1df_6.0.9600.17810_none_6240b9c7ecbd0bda\COMCTL32.dll
0x0000000055590000 - 0x0000000055662000 	C:\Program Files\Java\jdk1.8.0_40\jre\bin\msvcr100.dll
0x0000000055670000 - 0x0000000055ef3000 	C:\Program Files\Java\jdk1.8.0_40\jre\bin\server\jvm.dll
0x00007ff99da80000 - 0x00007ff99da89000 	C:\windows\SYSTEM32\WSOCK32.dll
0x00007ff9b7ea0000 - 0x00007ff9b7ec2000 	C:\windows\SYSTEM32\WINMM.dll
0x00007ff9b7ed0000 - 0x00007ff9b7eda000 	C:\windows\SYSTEM32\VERSION.dll
0x00007ff9baa90000 - 0x00007ff9baa97000 	C:\windows\system32\PSAPI.DLL
0x00007ff9ba9c0000 - 0x00007ff9baa1a000 	C:\windows\system32\WS2_32.dll
0x00007ff9b7c00000 - 0x00007ff9b7c2a000 	C:\windows\SYSTEM32\WINMMBASE.dll
0x00007ff9bd0b0000 - 0x00007ff9bd0b9000 	C:\windows\system32\NSI.dll
0x00007ff9ba410000 - 0x00007ff9ba45f000 	C:\windows\SYSTEM32\cfgmgr32.dll
0x00007ff9b9010000 - 0x00007ff9b9038000 	C:\windows\SYSTEM32\DEVOBJ.dll
0x0000000055580000 - 0x000000005558f000 	C:\Program Files\Java\jdk1.8.0_40\jre\bin\verify.dll
0x0000000055550000 - 0x0000000055579000 	C:\Program Files\Java\jdk1.8.0_40\jre\bin\java.dll
0x0000000055530000 - 0x0000000055546000 	C:\Program Files\Java\jdk1.8.0_40\jre\bin\zip.dll
0x00007ff9b7040000 - 0x00007ff9b71c9000 	C:\windows\SYSTEM32\dbghelp.dll

VM Arguments:
jvm_args: -Xmx1024M -Dfile.encoding=x-windows-949 -Duser.country=KR -Duser.language=ko -Duser.variant 
java_command: com.android.dx.command.Main --dex --output C:\Users\jiyoung\Desktop\LostMistake_0929\LostMistake_0910\LostMistake_0602_2_(2)\app\build\intermediates\dex\debug C:\Users\jiyoung\Desktop\LostMistake_0929\LostMistake_0910\LostMistake_0602_2_(2)\app\build\intermediates\classes\debug C:\Users\jiyoung\Desktop\LostMistake_0929\LostMistake_0910\LostMistake_0602_2_(2)\app\build\intermediates\pre-dexed\debug\support-annotations-22.0.0-2959376b213b429c86395647e2d655e6763da300.jar C:\Users\jiyoung\Desktop\LostMistake_0929\LostMistake_0910\LostMistake_0602_2_(2)\app\build\intermediates\pre-dexed\debug\internal_impl-22.0.0-d22b1d2d277e61c737842c032219880edebae7f5.jar C:\Users\jiyoung\Desktop\LostMistake_0929\LostMistake_0910\LostMistake_0602_2_(2)\app\build\intermediates\pre-dexed\debug\nmaps-71cc1ec415bd755abd82ef51308a83ce1d2829ca.jar C:\Users\jiyoung\Desktop\LostMistake_0929\LostMistake_0910\LostMistake_0602_2_(2)\app\build\intermediates\pre-dexed\debug\classes-ccd9d35076f8fb559d3868163d69739cc8b6347f.jar C:\Users\jiyoung\Desktop\LostMistake_0929\LostMistake_0910\LostMistake_0602_2_(2)\app\build\intermediates\pre-dexed\debug\classes-dd386121761b992bbc5b39b803bb081206644181.jar
java_class_path (initial): C:\Users\jiyoung\AppData\Local\Android\sdk\build-tools\21.1.2\lib\dx.jar
Launcher Type: SUN_STANDARD

Environment Variables:
JAVA_HOME=C:\Program Files\Java\jdk1.8.0_40
CLASSPATH=C:\Program Files\Java\jdk1.8.0_40\jre\lib\rt.jar;.
PATH=C:\ProgramData\Oracle\Java\javapath;C:\Program Files (x86)\Intel\iCLS Client\;C:\Program Files\Intel\iCLS Client\;C:\Program Files (x86)\NVIDIA Corporation\PhysX\Common;C:\windows\system32;C:\windows;C:\windows\System32\Wbem;C:\windows\System32\WindowsPowerShell\v1.0\;C:\Program Files\Intel\Intel(R) Management Engine Components\DAL;C:\Program Files (x86)\Intel\Intel(R) Management Engine Components\DAL;C:\Program Files\Intel\Intel(R) Management Engine Components\IPT;C:\Program Files (x86)\Intel\Intel(R) Management Engine Components\IPT;;C:\Program Files\Java\jdk1.8.0_40\bin;C:\_server\apache-tomcat-8.0.21\bin;C:\Program Files\Samsung\SamsungLink\AllShare Framework DMS\bin\;
USERNAME=jiyoung
OS=Windows_NT
PROCESSOR_IDENTIFIER=Intel64 Family 6 Model 61 Stepping 4, GenuineIntel



---------------  S Y S T E M  ---------------

OS: Windows 8.1 , 64 bit Build 9600 (6.3.9600.17415)

CPU:total 4 (2 cores per cpu, 2 threads per core) family 6 model 61 stepping 4, cmov, cx8, fxsr, mmx, sse, sse2, sse3, ssse3, sse4.1, sse4.2, popcnt, avx, avx2, aes, clmul, erms, 3dnowpref, lzcnt, ht, tsc, tscinvbit, bmi1, bmi2, adx

Memory: 4k page, physical 8301988k(2818760k free), swap 11447716k(5088k free)

vm_info: Java HotSpot(TM) 64-Bit Server VM (25.40-b25) for windows-amd64 JRE (1.8.0_40-b26), built on Mar  7 2015 13:51:59 by "java_re" with MS VC++ 10.0 (VS2010)

time: Thu Oct 01 20:23:15 2015
elapsed time: 1 seconds (0d 0h 0m 1s)

